0 info it worked if it ends with ok
1 verbose cli [ '/usr/local/bin/node',
1 verbose cli   '/usr/local/bin/npm',
1 verbose cli   'run-script',
1 verbose cli   'start' ]
2 info using npm@2.14.12
3 info using node@v4.3.0
4 verbose run-script [ 'prestart', 'start', 'poststart' ]
5 info prestart application-name@0.0.1
6 info start application-name@0.0.1
7 verbose unsafe-perm in lifecycle true
8 info application-name@0.0.1 Failed to exec start script
9 verbose stack Error: application-name@0.0.1 start: `node_modules/http-server/bin/http-server -c-1 -o -p 5555 .`
9 verbose stack Exit status 1
9 verbose stack     at EventEmitter.<anonymous> (/usr/local/lib/node_modules/npm/lib/utils/lifecycle.js:214:16)
9 verbose stack     at emitTwo (events.js:87:13)
9 verbose stack     at EventEmitter.emit (events.js:172:7)
9 verbose stack     at ChildProcess.<anonymous> (/usr/local/lib/node_modules/npm/lib/utils/spawn.js:24:14)
9 verbose stack     at emitTwo (events.js:87:13)
9 verbose stack     at ChildProcess.emit (events.js:172:7)
9 verbose stack     at maybeClose (internal/child_process.js:821:16)
9 verbose stack     at Process.ChildProcess._handle.onexit (internal/child_process.js:211:5)
10 verbose pkgid application-name@0.0.1
11 verbose cwd /Users/srujangopu/WebstormProjects/dibs
12 error Darwin 14.5.0
13 error argv "/usr/local/bin/node" "/usr/local/bin/npm" "run-script" "start"
14 error node v4.3.0
15 error npm  v2.14.12
16 error code ELIFECYCLE
17 error application-name@0.0.1 start: `node_modules/http-server/bin/http-server -c-1 -o -p 5555 .`
17 error Exit status 1
18 error Failed at the application-name@0.0.1 start script 'node_modules/http-server/bin/http-server -c-1 -o -p 5555 .'.
18 error This is most likely a problem with the application-name package,
18 error not with npm itself.
18 error Tell the author that this fails on your system:
18 error     node_modules/http-server/bin/http-server -c-1 -o -p 5555 .
18 error You can get their info via:
18 error     npm owner ls application-name
18 error There is likely additional logging output above.
19 verbose exit [ 1, true ]
